<?xml version="1.0" encoding="UTF-8"?>
<testng-results skipped="0" failed="0" ignored="0" total="1" passed="1">
  <reporter-output>
  </reporter-output>
  <suite name="Default suite" duration-ms="23558" started-at="2021-08-24T13:06:09 IST" finished-at="2021-08-24T13:06:32 IST">
    <groups>
    </groups>
    <test name="Default test" duration-ms="23558" started-at="2021-08-24T13:06:09 IST" finished-at="2021-08-24T13:06:32 IST">
      <class name="Script0.Ckies">
        <test-method status="PASS" signature="f()[pri:0, instance:Script0.Ckies@5cdd8682]" name="f" duration-ms="23521" started-at="2021-08-24T13:06:09 IST" finished-at="2021-08-24T13:06:32 IST">
          <reporter-output>
          </reporter-output>
        </test-method> <!-- f -->
      </class> <!-- Script0.Ckies -->
    </test> <!-- Default test -->
  </suite> <!-- Default suite -->
</testng-results>
